d:\main\ntust\ooplab_project2\ooplab_project2_group12\project\debug\vc141.pdb
d:\main\ntust\ooplab_project2\ooplab_project2_group12\project\debug\vc141.idb
d:\main\ntust\ooplab_project2\ooplab_project2_group12\project\debug\stock.obj
d:\main\ntust\ooplab_project2\ooplab_project2_group12\project\debug\player.obj
d:\main\ntust\ooplab_project2\ooplab_project2_group12\project\debug\main.obj
d:\main\ntust\ooplab_project2\ooplab_project2_group12\project\debug\keyinput.obj
d:\main\ntust\ooplab_project2\ooplab_project2_group12\project\debug\item.obj
d:\main\ntust\ooplab_project2\ooplab_project2_group12\project\debug\house.obj
d:\main\ntust\ooplab_project2\ooplab_project2_group12\project\debug\globalvariable.obj
d:\main\ntust\ooplab_project2\ooplab_project2_group12\project\debug\file.obj
d:\main\ntust\ooplab_project2\ooplab_project2_group12\project\debug\event.obj
d:\main\ntust\ooplab_project2\ooplab_project2_group12\project\debug\display.obj
d:\main\ntust\ooplab_project2\ooplab_project2_group12\project\debug\bank.obj
d:\main\ntust\ooplab_project2\project\debug\project.exe
d:\main\ntust\ooplab_project2\project\debug\project.ilk
d:\main\ntust\ooplab_project2\project\debug\project.pdb
f:\project\debug\project.ilk
f:\project\debug\project.exe
f:\project\debug\project.pdb
d:\main\ntust\ooplab_project2\ooplab_project2_group12\debug\project.ilk
d:\main\ntust\ooplab_project2\ooplab_project2_group12\debug\project.exe
d:\main\ntust\ooplab_project2\ooplab_project2_group12\debug\project.pdb
d:\main\ntust\ooplab_project2\ooplab_project2_group12\project\debug\project.tlog\cl.command.1.tlog
d:\main\ntust\ooplab_project2\ooplab_project2_group12\project\debug\project.tlog\cl.read.1.tlog
d:\main\ntust\ooplab_project2\ooplab_project2_group12\project\debug\project.tlog\cl.write.1.tlog
d:\main\ntust\ooplab_project2\ooplab_project2_group12\project\debug\project.tlog\link.command.1.tlog
d:\main\ntust\ooplab_project2\ooplab_project2_group12\project\debug\project.tlog\link.read.1.tlog
d:\main\ntust\ooplab_project2\ooplab_project2_group12\project\debug\project.tlog\link.write.1.tlog
